1732991200637	geckodriver	INFO	Listening on 127.0.0.1:49166
1732991204126	mozrunner::runner	INFO	Running command: "C:\\Users\\Lenovo X270\\.cache\\selenium\\firefox\\win64\\133.0\\firefox.exe" "--marionette" "--remote-debu ... "--remote-allow-hosts" "localhost" "-no-remote" "-profile" "C:\\Users\\LENOVO~1\\AppData\\Local\\Temp\\rust_mozprofileQWwyRG"
console.warn: services.settings: Ignoring preference override of remote settings server
console.warn: services.settings: Allow by setting MOZ_REMOTE_SETTINGS_DEVTOOLS=1 in the environment
Dynamically enable window occlusion 0
1732991210629	Marionette	INFO	Marionette enabled
1732991211266	Marionette	INFO	Listening on port 49207
WebDriver BiDi listening on ws://127.0.0.1:49167
Read port: 49207
Read port: 49207
1732991212853	RemoteAgent	WARN	TLS certificate errors will be ignored for this session
[GFX1-]: Calling WaitFlushedEvent::Run: is delayed: 2533
DevTools listening on ws://127.0.0.1:49167/devtools/browser/f6cdfcab-78d9-4724-82b9-851f2d0125fd
1732991252793	Marionette	INFO	Stopped listening on port 49207
JavaScript warning: https://www.ebay.com/sch/i.html?_from=R40&_trksid=m570.l1313&_nkw=bosch&_sacat=0, line 500: Script terminated by timeout at:
handler/<@https://www.ebay.com/sch/i.html?_from=R40&_trksid=m570.l1313&_nkw=bosch&_sacat=0:500:21

Dynamically enable window occlusion 1
console.error: services.settings: 
  Message: NetworkError: Network error: TypeError: NetworkError: Network request failed
  Stack:
    APIError@resource://services-settings/RemoteSettingsClient.sys.mjs:107:1
NetworkError@resource://services-settings/RemoteSettingsClient.sys.mjs:111:5
_adjustedError@resource://services-settings/RemoteSettingsClient.sys.mjs:919:14
maybeSync@resource://services-settings/RemoteSettingsClient.sys.mjs:824:38

console.warn: services.settings: main/url-parser-default-unknown-schemes-interventions sync interrupted by shutdown
console.error: (new Error("IndexedDB: main/normandy-recipes getLastModified() IndexedDB:  execute() The application is shutting down", "resource://services-settings/IDBHelpers.sys.mjs", 16))
